{"/Users/matthiasfore/Documents/Coding/HR123/O2znz/experiences/math.js": {"path":"/Users/matthiasfore/Documents/Coding/HR123/O2znz/experiences/math.js","statementMap":{"0":{"start":{"line":1,"column":10},"end":{"line":3,"column":1}},"1":{"start":{"line":2,"column":4},"end":{"line":2,"column":17}},"2":{"start":{"line":5,"column":0},"end":{"line":5,"column":21}}},"fnMap":{"0":{"name":"(anonymous_0)","decl":{"start":{"line":1,"column":10},"end":{"line":1,"column":11}},"loc":{"start":{"line":1,"column":19},"end":{"line":3,"column":1}},"line":1}},"branchMap":{},"s":{"0":1,"1":3,"2":1},"f":{"0":3},"b":{},"_coverageSchema":"43e27e138ebf9cfc5966b082cf9a028302ed4184","hash":"cc44ca002ad9e7fb08906871837f7145b21a93d9"}
}
