TN:
SF:/Users/matthiasfore/Documents/Coding/HR123/O2znz/experiences/math.js
FN:1,(anonymous_0)
FNF:1
FNH:1
FNDA:3,(anonymous_0)
DA:1,1
DA:2,3
DA:5,1
LF:3
LH:3
BRF:0
BRH:0
end_of_record
TN:
SF:/Users/matthiasfore/Documents/Coding/HR123/O2znz/experiences/database/index.js
FN:6,(anonymous_0)
FN:21,(anonymous_1)
FN:25,(anonymous_2)
FNF:3
FNH:0
FNDA:0,(anonymous_0)
FNDA:0,(anonymous_1)
FNDA:0,(anonymous_2)
DA:1,1
DA:2,1
DA:3,1
DA:4,1
DA:5,1
DA:6,1
DA:8,1
DA:19,1
DA:21,1
DA:22,0
DA:25,1
DA:26,0
DA:29,1
LF:13
LH:11
BRF:0
BRH:0
end_of_record
